<?xml version="1.0" encoding="UTF-8"?>
<!-- Generated by org.testng.reporters.JUnitReportReporter -->
<testsuite hostname="SISTEMAS13" failures="0" tests="1" name="com.magento.tests.CheckoutTest" time="15.747" errors="0" timestamp="2024-09-30T12:05:00 PET" skipped="0">
  <testcase classname="com.magento.tests.CheckoutTest" name="TCOrder03" time="15.747"/>
</testsuite> <!-- com.magento.tests.CheckoutTest -->
