<?xml version="1.0" encoding="UTF-8"?>
<!-- Generated by org.testng.reporters.JUnitReportReporter -->
<testsuite hostname="SISTEMAS13" failures="0" tests="1" name="com.magento.utils.RegisterTest" time="2.846" errors="0" timestamp="2024-09-24T11:58:38 PET" skipped="0">
  <testcase classname="com.magento.utils.RegisterTest" name="TCRegister06" time="2.846"/>
</testsuite> <!-- com.magento.utils.RegisterTest -->
