<?xml version="1.0" encoding="UTF-8"?>
<!-- Generated by org.testng.reporters.JUnitReportReporter -->
<testsuite hostname="SISTEMAS13" failures="0" tests="2" name="com.magento.tests.TestNGTest" time="0.008" errors="0" timestamp="2024-09-26T15:30:41 PET" skipped="0">
  <testcase classname="com.magento.tests.TestNGTest" name="f" time="0.006"/>
  <testcase classname="com.magento.tests.TestNGTest" name="f" time="0.002"/>
</testsuite> <!-- com.magento.tests.TestNGTest -->
